#
# There is insufficient memory for the Java Runtime Environment to continue.
# Native memory allocation (malloc) failed to allocate 131088 bytes for Chunk::new
# Possible reasons:
#   The system is out of physical RAM or swap space
#   The process is running with CompressedOops enabled, and the Java Heap may be blocking the growth of the native heap
# Possible solutions:
#   Reduce memory load on the system
#   Increase physical memory or swap space
#   Check if swap backing store is full
#   Decrease Java heap size (-Xmx/-Xms)
#   Decrease number of Java threads
#   Decrease Java thread stack sizes (-Xss)
#   Set larger code cache with -XX:ReservedCodeCacheSize=
#   JVM is running with Zero Based Compressed Oops mode in which the Java heap is
#     placed in the first 32GB address space. The Java Heap base address is the
#     maximum limit for the native heap growth. Please use -XX:HeapBaseMinAddress
#     to set the Java Heap base and to place the Java Heap above 32GB virtual address.
# This output file may be truncated or incomplete.
#
#  Out of Memory Error (arena.cpp:168), pid=7828, tid=21252
#
# JRE version: Java(TM) SE Runtime Environment (21.0.1+12) (build 21.0.1+12-LTS-29)
# Java VM: Java HotSpot(TM) 64-Bit Server VM (21.0.1+12-LTS-29, mixed mode, sharing, tiered, compressed oops, compressed class ptrs, g1 gc, windows-amd64)
# No core dump will be written. Minidumps are not enabled by default on client versions of Windows
#

---------------  S U M M A R Y ------------

Command Line: -javaagent:C:\Program Files\JetBrains\IntelliJ IDEA Community Edition 2023.2.4\lib\idea_rt.jar=54979:C:\Program Files\JetBrains\IntelliJ IDEA Community Edition 2023.2.4\bin -Dfile.encoding=UTF-8 -Dsun.stdout.encoding=UTF-8 -Dsun.stderr.encoding=UTF-8 --module-path=C:\Users\amuly\.m2\repository\org\openjfx\javafx-graphics\21-ea+24\javafx-graphics-21-ea+24-win.jar;C:\Users\amuly\Downloads\openjfx-21.0.1_windows-x64_bin-sdk\javafx-sdk-21.0.1\lib\javafx.graphics.jar;C:\Users\amuly\.m2\repository\org\kordamp\bootstrapfx\bootstrapfx-core\0.4.0\bootstrapfx-core-0.4.0.jar;C:\Users\amuly\.m2\repository\org\openjfx\javafx-controls\21-ea+24\javafx-controls-21-ea+24-win.jar;C:\Users\amuly\Downloads\openjfx-21.0.1_windows-x64_bin-sdk\javafx-sdk-21.0.1\lib\javafx.controls.jar;C:\Users\amuly\.m2\repository\org\openjfx\javafx-base\21-ea+24\javafx-base-21-ea+24-win.jar;C:\Users\amuly\Downloads\openjfx-21.0.1_windows-x64_bin-sdk\javafx-sdk-21.0.1\lib\javafx.base.jar;C:\Users\amuly\Downloads\dbms\dbms\DBMS project\ebsys\target\classes;C:\Users\amuly\.m2\repository\com\dlsc\formsfx\formsfx-core\11.6.0\formsfx-core-11.6.0.jar;C:\Users\amuly\.m2\repository\org\controlsfx\controlsfx\11.1.2\controlsfx-11.1.2.jar;C:\Users\amuly\.m2\repository\org\openjfx\javafx-fxml\21-ea+24\javafx-fxml-21-ea+24-win.jar;C:\Users\amuly\Downloads\openjfx-21.0.1_windows-x64_bin-sdk\javafx-sdk-21.0.1\lib\javafx.fxml.jar -Djdk.module.main=com.example.ebsys com.example.ebsys/com.example.ebsys.main

Host: AMD Ryzen 7 5800H with Radeon Graphics         , 16 cores, 15G,  Windows 11 , 64 bit Build 22621 (10.0.22621.2506)
Time: Mon Dec 11 09:12:17 2023 India Standard Time elapsed time: 3.525956 seconds (0d 0h 0m 3s)

---------------  T H R E A D  ---------------

Current thread (0x0000024f7d4ced00):  JavaThread "C2 CompilerThread1" daemon [_thread_in_native, id=21252, stack(0x000000e202e00000,0x000000e202f00000) (1024K)]


Current CompileTask:
C2:   3526 2381       4       java.lang.invoke.MethodType::makeImpl (109 bytes)

Stack: [0x000000e202e00000,0x000000e202f00000]
Native frames: (J=compiled Java code, j=interpreted, Vv=VM code, C=native code)
V  [jvm.dll+0x6c9029]
V  [jvm.dll+0x854b81]
V  [jvm.dll+0x856e5e]
V  [jvm.dll+0x857543]
V  [jvm.dll+0x280c06]
V  [jvm.dll+0xc3ead]
V  [jvm.dll+0xc43c3]
V  [jvm.dll+0x6f00a5]
V  [jvm.dll+0x6f04d3]
V  [jvm.dll+0x6f2761]
V  [jvm.dll+0x6f0a93]
V  [jvm.dll+0x24aa1a]
V  [jvm.dll+0x248fa3]
V  [jvm.dll+0x1c9ca1]
V  [jvm.dll+0x2586b9]
V  [jvm.dll+0x256c9a]
V  [jvm.dll+0x3ef1b6]
V  [jvm.dll+0x7fd728]
V  [jvm.dll+0x6c777d]
C  [ucrtbase.dll+0x29363]
C  [KERNEL32.DLL+0x1257d]
C  [ntdll.dll+0x5aa58]


---------------  P R O C E S S  ---------------

Threads class SMR info:
_java_thread_list=0x0000024f7d2d3a30, length=23, elements={
0x0000024f555b9f60, 0x0000024f770e0770, 0x0000024f770e1490, 0x0000024f770e3fa0,
0x0000024f770e4a00, 0x0000024f770e5f60, 0x0000024f770e69c0, 0x0000024f770e7750,
0x0000024f770ec3d0, 0x0000024f770ed700, 0x0000024f770a32d0, 0x0000024f773e5940,
0x0000024f773e5ff0, 0x0000024f7c481490, 0x0000024f7c3276e0, 0x0000024f7cd54010,
0x0000024f7c3332b0, 0x0000024f7c3420c0, 0x0000024f7ce00af0, 0x0000024f77a0a070,
0x0000024f7cbdb310, 0x0000024f7d4ced00, 0x0000024f7cacd180
}

Java Threads: ( => current thread )
  0x0000024f555b9f60 JavaThread "main"                              [_thread_blocked, id=12468, stack(0x000000e201a00000,0x000000e201b00000) (1024K)]
  0x0000024f770e0770 JavaThread "Reference Handler"          daemon [_thread_blocked, id=20932, stack(0x000000e202200000,0x000000e202300000) (1024K)]
  0x0000024f770e1490 JavaThread "Finalizer"                  daemon [_thread_blocked, id=1976, stack(0x000000e202300000,0x000000e202400000) (1024K)]
  0x0000024f770e3fa0 JavaThread "Signal Dispatcher"          daemon [_thread_blocked, id=5328, stack(0x000000e202400000,0x000000e202500000) (1024K)]
  0x0000024f770e4a00 JavaThread "Attach Listener"            daemon [_thread_blocked, id=12812, stack(0x000000e202500000,0x000000e202600000) (1024K)]
  0x0000024f770e5f60 JavaThread "Service Thread"             daemon [_thread_blocked, id=8948, stack(0x000000e202600000,0x000000e202700000) (1024K)]
  0x0000024f770e69c0 JavaThread "Monitor Deflation Thread"   daemon [_thread_blocked, id=23204, stack(0x000000e202700000,0x000000e202800000) (1024K)]
  0x0000024f770e7750 JavaThread "C2 CompilerThread0"         daemon [_thread_in_native, id=20656, stack(0x000000e202800000,0x000000e202900000) (1024K)]
  0x0000024f770ec3d0 JavaThread "C1 CompilerThread0"         daemon [_thread_blocked, id=24568, stack(0x000000e202900000,0x000000e202a00000) (1024K)]
  0x0000024f770ed700 JavaThread "C1 CompilerThread1"         daemon [_thread_blocked, id=21004, stack(0x000000e202a00000,0x000000e202b00000) (1024K)]
  0x0000024f770a32d0 JavaThread "Common-Cleaner"             daemon [_thread_blocked, id=17268, stack(0x000000e202b00000,0x000000e202c00000) (1024K)]
  0x0000024f773e5940 JavaThread "C1 CompilerThread2"         daemon [_thread_blocked, id=20908, stack(0x000000e202c00000,0x000000e202d00000) (1024K)]
  0x0000024f773e5ff0 JavaThread "C1 CompilerThread3"         daemon [_thread_blocked, id=21436, stack(0x000000e202d00000,0x000000e202e00000) (1024K)]
  0x0000024f7c481490 JavaThread "Monitor Ctrl-Break"         daemon [_thread_in_native, id=17392, stack(0x000000e203000000,0x000000e203100000) (1024K)]
  0x0000024f7c3276e0 JavaThread "Notification Thread"        daemon [_thread_blocked, id=21456, stack(0x000000e203100000,0x000000e203200000) (1024K)]
  0x0000024f7cd54010 JavaThread "QuantumRenderer-0"          daemon [_thread_blocked, id=12152, stack(0x000000e203200000,0x000000e203300000) (1024K)]
  0x0000024f7c3332b0 JavaThread "InvokeLaterDispatcher"      daemon [_thread_blocked, id=23432, stack(0x000000e203900000,0x000000e203a00000) (1024K)]
  0x0000024f7c3420c0 JavaThread "JavaFX Application Thread"         [_thread_in_native, id=13876, stack(0x000000e203a00000,0x000000e203b00000) (1024K)]
  0x0000024f7ce00af0 JavaThread "JavaFX-Launcher"                   [_thread_blocked, id=21432, stack(0x000000e204500000,0x000000e204600000) (1024K)]
  0x0000024f77a0a070 JavaThread "Thread-2"                   daemon [_thread_in_native, id=24056, stack(0x000000e202f00000,0x000000e203000000) (1024K)]
  0x0000024f7cbdb310 JavaThread "Prism Font Disposer"        daemon [_thread_blocked, id=1816, stack(0x000000e204600000,0x000000e204700000) (1024K)]
=>0x0000024f7d4ced00 JavaThread "C2 CompilerThread1"         daemon [_thread_in_native, id=21252, stack(0x000000e202e00000,0x000000e202f00000) (1024K)]
  0x0000024f7cacd180 JavaThread "Cleaner-0"                  daemon [_thread_blocked, id=22980, stack(0x000000e205200000,0x000000e205300000) (1024K)]
Total: 23

Other Threads:
  0x0000024f770bcb30 VMThread "VM Thread"                           [id=24480, stack(0x000000e202100000,0x000000e202200000) (1024K)]
  0x0000024f770a2600 WatcherThread "VM Periodic Task Thread"        [id=5908, stack(0x000000e202000000,0x000000e202100000) (1024K)]
  0x0000024f5780c4a0 WorkerThread "GC Thread#0"                     [id=16568, stack(0x000000e201b00000,0x000000e201c00000) (1024K)]
  0x0000024f7d4b0410 WorkerThread "GC Thread#1"                     [id=19060, stack(0x000000e203500000,0x000000e203600000) (1024K)]
  0x0000024f7d4b3a80 WorkerThread "GC Thread#2"                     [id=24180, stack(0x000000e203600000,0x000000e203700000) (1024K)]
  0x0000024f7c2b0790 WorkerThread "GC Thread#3"                     [id=5644, stack(0x000000e203700000,0x000000e203800000) (1024K)]
  0x0000024f7d4bc260 WorkerThread "GC Thread#4"                     [id=16432, stack(0x000000e203800000,0x000000e203900000) (1024K)]
  0x0000024f7cd2f2a0 WorkerThread "GC Thread#5"                     [id=4972, stack(0x000000e204800000,0x000000e204900000) (1024K)]
  0x0000024f7d50a7a0 WorkerThread "GC Thread#6"                     [id=19096, stack(0x000000e204900000,0x000000e204a00000) (1024K)]
  0x0000024f7d50aee0 WorkerThread "GC Thread#7"                     [id=9828, stack(0x000000e204a00000,0x000000e204b00000) (1024K)]
  0x0000024f7d509cc0 WorkerThread "GC Thread#8"                     [id=23244, stack(0x000000e204b00000,0x000000e204c00000) (1024K)]
  0x0000024f7d50a400 WorkerThread "GC Thread#9"                     [id=23356, stack(0x000000e204c00000,0x000000e204d00000) (1024K)]
  0x0000024f7d50a060 WorkerThread "GC Thread#10"                    [id=14444, stack(0x000000e204d00000,0x000000e204e00000) (1024K)]
  0x0000024f7d50ab40 WorkerThread "GC Thread#11"                    [id=15648, stack(0x000000e204e00000,0x000000e204f00000) (1024K)]
  0x0000024f7d50b280 WorkerThread "GC Thread#12"                    [id=24172, stack(0x000000e204f00000,0x000000e205000000) (1024K)]
  0x0000024f5781dbd0 ConcurrentGCThread "G1 Main Marker"            [id=6084, stack(0x000000e201c00000,0x000000e201d00000) (1024K)]
  0x0000024f5781ee70 WorkerThread "G1 Conc#0"                       [id=22256, stack(0x000000e201d00000,0x000000e201e00000) (1024K)]
  0x0000024f76f76570 ConcurrentGCThread "G1 Refine#0"               [id=16836, stack(0x000000e201e00000,0x000000e201f00000) (1024K)]
  0x0000024f76f78f00 ConcurrentGCThread "G1 Service"                [id=14980, stack(0x000000e201f00000,0x000000e202000000) (1024K)]
Total: 19

Threads with active compile tasks:
C2 CompilerThread0     3563 2385       4       jdk.internal.org.objectweb.asm.Frame::execute (2305 bytes)
C2 CompilerThread1     3563 2381       4       java.lang.invoke.MethodType::makeImpl (109 bytes)
Total: 2

VM state: not at safepoint (normal execution)

VM Mutex/Monitor currently owned by a thread: None

Heap address: 0x000000070a600000, size: 3930 MB, Compressed Oops mode: Zero based, Oop shift amount: 3

CDS archive(s) mapped at: [0x0000024f00000000-0x0000024f00c90000-0x0000024f00c90000), size 13172736, SharedBaseAddress: 0x0000024f00000000, ArchiveRelocationMode: 1.
Compressed class space mapped at: 0x0000024f01000000-0x0000024f41000000, reserved size: 1073741824
Narrow klass base: 0x0000024f00000000, Narrow klass shift: 0, Narrow klass range: 0x100000000

GC Precious Log:
 CardTable entry size: 512
 Card Set container configuration: InlinePtr #cards 4 size 8 Array Of Cards #cards 16 size 48 Howl #buckets 8 coarsen threshold 3686 Howl Bitmap #cards 512 size 80 coarsen threshold 460 Card regions per heap region 1 cards per card region 4096
 CPUs: 16 total, 16 available
 Memory: 15713M
 Large Page Support: Disabled
 NUMA Support: Disabled
 Compressed Oops: Enabled (Zero based)
 Heap Region Size: 2M
 Heap Min Capacity: 8M
 Heap Initial Capacity: 246M
 Heap Max Capacity: 3930M
 Pre-touch: Disabled
 Parallel Workers: 13
 Concurrent Workers: 3
 Concurrent Refinement Workers: 13
 Periodic GC: Disabled

Heap:
 garbage-first heap   total 251904K, used 19456K [0x000000070a600000, 0x0000000800000000)
  region size 2048K, 9 young (18432K), 4 survivors (8192K)
 Metaspace       used 15830K, committed 16128K, reserved 1114112K
  class space    used 2360K, committed 2496K, reserved 1048576K

Heap Regions: E=young(eden), S=young(survivor), O=old, HS=humongous(starts), HC=humongous(continues), CS=collection set, F=free, TAMS=top-at-mark-start, PB=parsable bottom
|   0|0x000000070a600000, 0x000000070a800000, 0x000000070a800000|100%|HS|  |TAMS 0x000000070a600000| PB 0x000000070a600000| Complete 
|   1|0x000000070a800000, 0x000000070aa00000, 0x000000070aa00000|100%|HS|  |TAMS 0x000000070a800000| PB 0x000000070a800000| Complete 
|   2|0x000000070aa00000, 0x000000070ac00000, 0x000000070ac00000|100%|HS|  |TAMS 0x000000070aa00000| PB 0x000000070aa00000| Complete 
|   3|0x000000070ac00000, 0x000000070ac00000, 0x000000070ae00000|  0%| F|  |TAMS 0x000000070ac00000| PB 0x000000070ac00000| Untracked 
|   4|0x000000070ae00000, 0x000000070ae00000, 0x000000070b000000|  0%| F|  |TAMS 0x000000070ae00000| PB 0x000000070ae00000| Untracked 
|   5|0x000000070b000000, 0x000000070b000000, 0x000000070b200000|  0%| F|  |TAMS 0x000000070b000000| PB 0x000000070b000000| Untracked 
|   6|0x000000070b200000, 0x000000070b200000, 0x000000070b400000|  0%| F|  |TAMS 0x000000070b200000| PB 0x000000070b200000| Untracked 
|   7|0x000000070b400000, 0x000000070b400000, 0x000000070b600000|  0%| F|  |TAMS 0x000000070b400000| PB 0x000000070b400000| Untracked 
|   8|0x000000070b600000, 0x000000070b600000, 0x000000070b800000|  0%| F|  |TAMS 0x000000070b600000| PB 0x000000070b600000| Untracked 
|   9|0x000000070b800000, 0x000000070b800000, 0x000000070ba00000|  0%| F|  |TAMS 0x000000070b800000| PB 0x000000070b800000| Untracked 
|  10|0x000000070ba00000, 0x000000070ba00000, 0x000000070bc00000|  0%| F|  |TAMS 0x000000070ba00000| PB 0x000000070ba00000| Untracked 
|  11|0x000000070bc00000, 0x000000070bc00000, 0x000000070be00000|  0%| F|  |TAMS 0x000000070bc00000| PB 0x000000070bc00000| Untracked 
|  12|0x000000070be00000, 0x000000070be00000, 0x000000070c000000|  0%| F|  |TAMS 0x000000070be00000| PB 0x000000070be00000| Untracked 
|  13|0x000000070c000000, 0x000000070c000000, 0x000000070c200000|  0%| F|  |TAMS 0x000000070c000000| PB 0x000000070c000000| Untracked 
|  14|0x000000070c200000, 0x000000070c200000, 0x000000070c400000|  0%| F|  |TAMS 0x000000070c200000| PB 0x000000070c200000| Untracked 
|  15|0x000000070c400000, 0x000000070c400000, 0x000000070c600000|  0%| F|  |TAMS 0x000000070c400000| PB 0x000000070c400000| Untracked 
|  16|0x000000070c600000, 0x000000070c600000, 0x000000070c800000|  0%| F|  |TAMS 0x000000070c600000| PB 0x000000070c600000| Untracked 
|  17|0x000000070c800000, 0x000000070c800000, 0x000000070ca00000|  0%| F|  |TAMS 0x000000070c800000| PB 0x000000070c800000| Untracked 
|  18|0x000000070ca00000, 0x000000070ca00000, 0x000000070cc00000|  0%| F|  |TAMS 0x000000070ca00000| PB 0x000000070ca00000| Untracked 
|  19|0x000000070cc00000, 0x000000070cc00000, 0x000000070ce00000|  0%| F|  |TAMS 0x000000070cc00000| PB 0x000000070cc00000| Untracked 
|  20|0x000000070ce00000, 0x000000070ce00000, 0x000000070d000000|  0%| F|  |TAMS 0x000000070ce00000| PB 0x000000070ce00000| Untracked 
|  21|0x000000070d000000, 0x000000070d000000, 0x000000070d200000|  0%| F|  |TAMS 0x000000070d000000| PB 0x000000070d000000| Untracked 
|  22|0x000000070d200000, 0x000000070d200000, 0x000000070d400000|  0%| F|  |TAMS 0x000000070d200000| PB 0x000000070d200000| Untracked 
|  23|0x000000070d400000, 0x000000070d400000, 0x000000070d600000|  0%| F|  |TAMS 0x000000070d400000| PB 0x000000070d400000| Untracked 
|  24|0x000000070d600000, 0x000000070d600000, 0x000000070d800000|  0%| F|  |TAMS 0x000000070d600000| PB 0x000000070d600000| Untracked 
|  25|0x000000070d800000, 0x000000070d800000, 0x000000070da00000|  0%| F|  |TAMS 0x000000070d800000| PB 0x000000070d800000| Untracked 
|  26|0x000000070da00000, 0x000000070da00000, 0x000000070dc00000|  0%| F|  |TAMS 0x000000070da00000| PB 0x000000070da00000| Untracked 
|  27|0x000000070dc00000, 0x000000070dc00000, 0x000000070de00000|  0%| F|  |TAMS 0x000000070dc00000| PB 0x000000070dc00000| Untracked 
|  28|0x000000070de00000, 0x000000070de00000, 0x000000070e000000|  0%| F|  |TAMS 0x000000070de00000| PB 0x000000070de00000| Untracked 
|  29|0x000000070e000000, 0x000000070e000000, 0x000000070e200000|  0%| F|  |TAMS 0x000000070e000000| PB 0x000000070e000000| Untracked 
|  30|0x000000070e200000, 0x000000070e200000, 0x000000070e400000|  0%| F|  |TAMS 0x000000070e200000| PB 0x000000070e200000| Untracked 
|  31|0x000000070e400000, 0x000000070e400000, 0x000000070e600000|  0%| F|  |TAMS 0x000000070e400000| PB 0x000000070e400000| Untracked 
|  32|0x000000070e600000, 0x000000070e600000, 0x000000070e800000|  0%| F|  |TAMS 0x000000070e600000| PB 0x000000070e600000| Untracked 
|  33|0x000000070e800000, 0x000000070e800000, 0x000000070ea00000|  0%| F|  |TAMS 0x000000070e800000| PB 0x000000070e800000| Untracked 
|  34|0x000000070ea00000, 0x000000070ea00000, 0x000000070ec00000|  0%| F|  |TAMS 0x000000070ea00000| PB 0x000000070ea00000| Untracked 
|  35|0x000000070ec00000, 0x000000070ec00000, 0x000000070ee00000|  0%| F|  |TAMS 0x000000070ec00000| PB 0x000000070ec00000| Untracked 
|  36|0x000000070ee00000, 0x000000070ee00000, 0x000000070f000000|  0%| F|  |TAMS 0x000000070ee00000| PB 0x000000070ee00000| Untracked 
|  37|0x000000070f000000, 0x000000070f000000, 0x000000070f200000|  0%| F|  |TAMS 0x000000070f000000| PB 0x000000070f000000| Untracked 
|  38|0x000000070f200000, 0x000000070f200000, 0x000000070f400000|  0%| F|  |TAMS 0x000000070f200000| PB 0x000000070f200000| Untracked 
|  39|0x000000070f400000, 0x000000070f400000, 0x000000070f600000|  0%| F|  |TAMS 0x000000070f400000| PB 0x000000070f400000| Untracked 
|  40|0x000000070f600000, 0x000000070f600000, 0x000000070f800000|  0%| F|  |TAMS 0x000000070f600000| PB 0x000000070f600000| Untracked 
|  41|0x000000070f800000, 0x000000070f800000, 0x000000070fa00000|  0%| F|  |TAMS 0x000000070f800000| PB 0x000000070f800000| Untracked 
|  42|0x000000070fa00000, 0x000000070fa00000, 0x000000070fc00000|  0%| F|  |TAMS 0x000000070fa00000| PB 0x000000070fa00000| Untracked 
|  43|0x000000070fc00000, 0x000000070fc00000, 0x000000070fe00000|  0%| F|  |TAMS 0x000000070fc00000| PB 0x000000070fc00000| Untracked 
|  44|0x000000070fe00000, 0x000000070fe00000, 0x0000000710000000|  0%| F|  |TAMS 0x000000070fe00000| PB 0x000000070fe00000| Untracked 
|  45|0x0000000710000000, 0x0000000710000000, 0x0000000710200000|  0%| F|  |TAMS 0x0000000710000000| PB 0x0000000710000000| Untracked 
|  46|0x0000000710200000, 0x0000000710200000, 0x0000000710400000|  0%| F|  |TAMS 0x0000000710200000| PB 0x0000000710200000| Untracked 
|  47|0x0000000710400000, 0x0000000710400000, 0x0000000710600000|  0%| F|  |TAMS 0x0000000710400000| PB 0x0000000710400000| Untracked 
|  48|0x0000000710600000, 0x0000000710600000, 0x0000000710800000|  0%| F|  |TAMS 0x0000000710600000| PB 0x0000000710600000| Untracked 
|  49|0x0000000710800000, 0x0000000710800000, 0x0000000710a00000|  0%| F|  |TAMS 0x0000000710800000| PB 0x0000000710800000| Untracked 
|  50|0x0000000710a00000, 0x0000000710a00000, 0x0000000710c00000|  0%| F|  |TAMS 0x0000000710a00000| PB 0x0000000710a00000| Untracked 
|  51|0x0000000710c00000, 0x0000000710c00000, 0x0000000710e00000|  0%| F|  |TAMS 0x0000000710c00000| PB 0x0000000710c00000| Untracked 
|  52|0x0000000710e00000, 0x0000000710e00000, 0x0000000711000000|  0%| F|  |TAMS 0x0000000710e00000| PB 0x0000000710e00000| Untracked 
|  53|0x0000000711000000, 0x0000000711000000, 0x0000000711200000|  0%| F|  |TAMS 0x0000000711000000| PB 0x0000000711000000| Untracked 
|  54|0x0000000711200000, 0x0000000711200000, 0x0000000711400000|  0%| F|  |TAMS 0x0000000711200000| PB 0x0000000711200000| Untracked 
|  55|0x0000000711400000, 0x0000000711400000, 0x0000000711600000|  0%| F|  |TAMS 0x0000000711400000| PB 0x0000000711400000| Untracked 
|  56|0x0000000711600000, 0x0000000711600000, 0x0000000711800000|  0%| F|  |TAMS 0x0000000711600000| PB 0x0000000711600000| Untracked 
|  57|0x0000000711800000, 0x0000000711800000, 0x0000000711a00000|  0%| F|  |TAMS 0x0000000711800000| PB 0x0000000711800000| Untracked 
|  58|0x0000000711a00000, 0x0000000711a00000, 0x0000000711c00000|  0%| F|  |TAMS 0x0000000711a00000| PB 0x0000000711a00000| Untracked 
|  59|0x0000000711c00000, 0x0000000711c00000, 0x0000000711e00000|  0%| F|  |TAMS 0x0000000711c00000| PB 0x0000000711c00000| Untracked 
|  60|0x0000000711e00000, 0x0000000711e00000, 0x0000000712000000|  0%| F|  |TAMS 0x0000000711e00000| PB 0x0000000711e00000| Untracked 
|  61|0x0000000712000000, 0x0000000712000000, 0x0000000712200000|  0%| F|  |TAMS 0x0000000712000000| PB 0x0000000712000000| Untracked 
|  62|0x0000000712200000, 0x0000000712200000, 0x0000000712400000|  0%| F|  |TAMS 0x0000000712200000| PB 0x0000000712200000| Untracked 
|  63|0x0000000712400000, 0x0000000712400000, 0x0000000712600000|  0%| F|  |TAMS 0x0000000712400000| PB 0x0000000712400000| Untracked 
|  64|0x0000000712600000, 0x0000000712600000, 0x0000000712800000|  0%| F|  |TAMS 0x0000000712600000| PB 0x0000000712600000| Untracked 
|  65|0x0000000712800000, 0x0000000712800000, 0x0000000712a00000|  0%| F|  |TAMS 0x0000000712800000| PB 0x0000000712800000| Untracked 
|  66|0x0000000712a00000, 0x0000000712a00000, 0x0000000712c00000|  0%| F|  |TAMS 0x0000000712a00000| PB 0x0000000712a00000| Untracked 
|  67|0x0000000712c00000, 0x0000000712c00000, 0x0000000712e00000|  0%| F|  |TAMS 0x0000000712c00000| PB 0x0000000712c00000| Untracked 
|  68|0x0000000712e00000, 0x0000000712e00000, 0x0000000713000000|  0%| F|  |TAMS 0x0000000712e00000| PB 0x0000000712e00000| Untracked 
|  69|0x0000000713000000, 0x0000000713000000, 0x0000000713200000|  0%| F|  |TAMS 0x0000000713000000| PB 0x0000000713000000| Untracked 
|  70|0x0000000713200000, 0x0000000713200000, 0x0000000713400000|  0%| F|  |TAMS 0x0000000713200000| PB 0x0000000713200000| Untracked 
|  71|0x0000000713400000, 0x0000000713400000, 0x0000000713600000|  0%| F|  |TAMS 0x0000000713400000| PB 0x0000000713400000| Untracked 
|  72|0x0000000713600000, 0x0000000713600000, 0x0000000713800000|  0%| F|  |TAMS 0x0000000713600000| PB 0x0000000713600000| Untracked 
|  73|0x0000000713800000, 0x0000000713800000, 0x0000000713a00000|  0%| F|  |TAMS 0x0000000713800000| PB 0x0000000713800000| Untracked 
|  74|0x0000000713a00000, 0x0000000713a00000, 0x0000000713c00000|  0%| F|  |TAMS 0x0000000713a00000| PB 0x0000000713a00000| Untracked 
|  75|0x0000000713c00000, 0x0000000713c00000, 0x0000000713e00000|  0%| F|  |TAMS 0x0000000713c00000| PB 0x0000000713c00000| Untracked 
|  76|0x0000000713e00000, 0x0000000713e00000, 0x0000000714000000|  0%| F|  |TAMS 0x0000000713e00000| PB 0x0000000713e00000| Untracked 
|  77|0x0000000714000000, 0x0000000714000000, 0x0000000714200000|  0%| F|  |TAMS 0x0000000714000000| PB 0x0000000714000000| Untracked 
|  78|0x0000000714200000, 0x0000000714200000, 0x0000000714400000|  0%| F|  |TAMS 0x0000000714200000| PB 0x0000000714200000| Untracked 
|  79|0x0000000714400000, 0x0000000714400000, 0x0000000714600000|  0%| F|  |TAMS 0x0000000714400000| PB 0x0000000714400000| Untracked 
|  80|0x0000000714600000, 0x0000000714600000, 0x0000000714800000|  0%| F|  |TAMS 0x0000000714600000| PB 0x0000000714600000| Untracked 
|  81|0x0000000714800000, 0x0000000714800000, 0x0000000714a00000|  0%| F|  |TAMS 0x0000000714800000| PB 0x0000000714800000| Untracked 
|  82|0x0000000714a00000, 0x0000000714a00000, 0x0000000714c00000|  0%| F|  |TAMS 0x0000000714a00000| PB 0x0000000714a00000| Untracked 
|  83|0x0000000714c00000, 0x0000000714c00000, 0x0000000714e00000|  0%| F|  |TAMS 0x0000000714c00000| PB 0x0000000714c00000| Untracked 
|  84|0x0000000714e00000, 0x0000000714e00000, 0x0000000715000000|  0%| F|  |TAMS 0x0000000714e00000| PB 0x0000000714e00000| Untracked 
|  85|0x0000000715000000, 0x0000000715000000, 0x0000000715200000|  0%| F|  |TAMS 0x0000000715000000| PB 0x0000000715000000| Untracked 
|  86|0x0000000715200000, 0x0000000715200000, 0x0000000715400000|  0%| F|  |TAMS 0x0000000715200000| PB 0x0000000715200000| Untracked 
|  87|0x0000000715400000, 0x0000000715400000, 0x0000000715600000|  0%| F|  |TAMS 0x0000000715400000| PB 0x0000000715400000| Untracked 
|  88|0x0000000715600000, 0x0000000715600000, 0x0000000715800000|  0%| F|  |TAMS 0x0000000715600000| PB 0x0000000715600000| Untracked 
|  89|0x0000000715800000, 0x0000000715800000, 0x0000000715a00000|  0%| F|  |TAMS 0x0000000715800000| PB 0x0000000715800000| Untracked 
|  90|0x0000000715a00000, 0x0000000715a00000, 0x0000000715c00000|  0%| F|  |TAMS 0x0000000715a00000| PB 0x0000000715a00000| Untracked 
|  91|0x0000000715c00000, 0x0000000715c00000, 0x0000000715e00000|  0%| F|  |TAMS 0x0000000715c00000| PB 0x0000000715c00000| Untracked 
|  92|0x0000000715e00000, 0x0000000715e00000, 0x0000000716000000|  0%| F|  |TAMS 0x0000000715e00000| PB 0x0000000715e00000| Untracked 
|  93|0x0000000716000000, 0x0000000716100040, 0x0000000716200000| 50%| S|CS|TAMS 0x0000000716000000| PB 0x0000000716000000| Complete 
|  94|0x0000000716200000, 0x0000000716400000, 0x0000000716400000|100%| S|CS|TAMS 0x0000000716200000| PB 0x0000000716200000| Complete 
|  95|0x0000000716400000, 0x0000000716600000, 0x0000000716600000|100%| S|CS|TAMS 0x0000000716400000| PB 0x0000000716400000| Complete 
|  96|0x0000000716600000, 0x0000000716800000, 0x0000000716800000|100%| S|CS|TAMS 0x0000000716600000| PB 0x0000000716600000| Complete 
|  97|0x0000000716800000, 0x0000000716800000, 0x0000000716a00000|  0%| F|  |TAMS 0x0000000716800000| PB 0x0000000716800000| Untracked 
|  98|0x0000000716a00000, 0x0000000716a00000, 0x0000000716c00000|  0%| F|  |TAMS 0x0000000716a00000| PB 0x0000000716a00000| Untracked 
|  99|0x0000000716c00000, 0x0000000716c00000, 0x0000000716e00000|  0%| F|  |TAMS 0x0000000716c00000| PB 0x0000000716c00000| Untracked 
| 100|0x0000000716e00000, 0x0000000716e00000, 0x0000000717000000|  0%| F|  |TAMS 0x0000000716e00000| PB 0x0000000716e00000| Untracked 
| 101|0x0000000717000000, 0x0000000717000000, 0x0000000717200000|  0%| F|  |TAMS 0x0000000717000000| PB 0x0000000717000000| Untracked 
| 102|0x0000000717200000, 0x0000000717200000, 0x0000000717400000|  0%| F|  |TAMS 0x0000000717200000| PB 0x0000000717200000| Untracked 
| 103|0x0000000717400000, 0x0000000717400000, 0x0000000717600000|  0%| F|  |TAMS 0x0000000717400000| PB 0x0000000717400000| Untracked 
| 104|0x0000000717600000, 0x0000000717600000, 0x0000000717800000|  0%| F|  |TAMS 0x0000000717600000| PB 0x0000000717600000| Untracked 
| 105|0x0000000717800000, 0x0000000717800000, 0x0000000717a00000|  0%| F|  |TAMS 0x0000000717800000| PB 0x0000000717800000| Untracked 
| 106|0x0000000717a00000, 0x0000000717a00000, 0x0000000717c00000|  0%| F|  |TAMS 0x0000000717a00000| PB 0x0000000717a00000| Untracked 
| 107|0x0000000717c00000, 0x0000000717c00000, 0x0000000717e00000|  0%| F|  |TAMS 0x0000000717c00000| PB 0x0000000717c00000| Untracked 
| 108|0x0000000717e00000, 0x0000000717e00000, 0x0000000718000000|  0%| F|  |TAMS 0x0000000717e00000| PB 0x0000000717e00000| Untracked 
| 109|0x0000000718000000, 0x0000000718000000, 0x0000000718200000|  0%| F|  |TAMS 0x0000000718000000| PB 0x0000000718000000| Untracked 
| 110|0x0000000718200000, 0x0000000718200000, 0x0000000718400000|  0%| F|  |TAMS 0x0000000718200000| PB 0x0000000718200000| Untracked 
| 111|0x0000000718400000, 0x0000000718400000, 0x0000000718600000|  0%| F|  |TAMS 0x0000000718400000| PB 0x0000000718400000| Untracked 
| 112|0x0000000718600000, 0x0000000718600000, 0x0000000718800000|  0%| F|  |TAMS 0x0000000718600000| PB 0x0000000718600000| Untracked 
| 113|0x0000000718800000, 0x0000000718800000, 0x0000000718a00000|  0%| F|  |TAMS 0x0000000718800000| PB 0x0000000718800000| Untracked 
| 114|0x0000000718a00000, 0x0000000718a00000, 0x0000000718c00000|  0%| F|  |TAMS 0x0000000718a00000| PB 0x0000000718a00000| Untracked 
| 115|0x0000000718c00000, 0x0000000718c00000, 0x0000000718e00000|  0%| F|  |TAMS 0x0000000718c00000| PB 0x0000000718c00000| Untracked 
| 116|0x0000000718e00000, 0x0000000718e00000, 0x0000000719000000|  0%| F|  |TAMS 0x0000000718e00000| PB 0x0000000718e00000| Untracked 
| 117|0x0000000719000000, 0x0000000719000000, 0x0000000719200000|  0%| F|  |TAMS 0x0000000719000000| PB 0x0000000719000000| Untracked 
| 118|0x0000000719200000, 0x000000071931b570, 0x0000000719400000| 55%| E|  |TAMS 0x0000000719200000| PB 0x0000000719200000| Complete 
| 119|0x0000000719400000, 0x00000007195ff8e8, 0x0000000719600000| 99%| E|  |TAMS 0x0000000719400000| PB 0x0000000719400000| Complete 
| 120|0x0000000719600000, 0x0000000719800000, 0x0000000719800000|100%| E|CS|TAMS 0x0000000719600000| PB 0x0000000719600000| Complete 
| 121|0x0000000719800000, 0x0000000719a00000, 0x0000000719a00000|100%| E|CS|TAMS 0x0000000719800000| PB 0x0000000719800000| Complete 
| 122|0x0000000719a00000, 0x0000000719c00000, 0x0000000719c00000|100%| E|CS|TAMS 0x0000000719a00000| PB 0x0000000719a00000| Complete 

Card table byte_map: [0x0000024f6fc30000,0x0000024f703e0000] _byte_map_base: 0x0000024f6c3dd000

Marking Bits: (CMBitMap*) 0x0000024f5780cba0
 Bits: [0x0000024f703e0000, 0x0000024f74148000)

Polling page: 0x0000024f55770000

Metaspace:

Usage:
  Non-class:     13.15 MB used.
      Class:      2.31 MB used.
       Both:     15.46 MB used.

Virtual space:
  Non-class space:       64.00 MB reserved,      13.31 MB ( 21%) committed,  1 nodes.
      Class space:        1.00 GB reserved,       2.44 MB ( <1%) committed,  1 nodes.
             Both:        1.06 GB reserved,      15.75 MB (  1%) committed. 

Chunk freelists:
   Non-Class:  2.08 MB
       Class:  13.50 MB
        Both:  15.58 MB

MaxMetaspaceSize: unlimited
CompressedClassSpaceSize: 1.00 GB
Initial GC threshold: 21.00 MB
Current GC threshold: 21.00 MB
CDS: on
 - commit_granule_bytes: 65536.
 - commit_granule_words: 8192.
 - virtual_space_node_default_size: 8388608.
 - enlarge_chunks_in_place: 1.
 - use_allocation_guard: 0.


Internal statistics:

num_allocs_failed_limit: 0.
num_arena_births: 364.
num_arena_deaths: 0.
num_vsnodes_births: 2.
num_vsnodes_deaths: 0.
num_space_committed: 252.
num_space_uncommitted: 0.
num_chunks_returned_to_freelist: 0.
num_chunks_taken_from_freelist: 871.
num_chunk_merges: 0.
num_chunk_splits: 596.
num_chunks_enlarged: 431.
num_inconsistent_stats: 0.

CodeHeap 'non-profiled nmethods': size=119168Kb used=901Kb max_used=901Kb free=118266Kb
 bounds [0x0000024f677a0000, 0x0000024f67a10000, 0x0000024f6ec00000]
CodeHeap 'profiled nmethods': size=119104Kb used=4535Kb max_used=4535Kb free=114568Kb
 bounds [0x0000024f5fc00000, 0x0000024f60070000, 0x0000024f67050000]
CodeHeap 'non-nmethods': size=7488Kb used=3485Kb max_used=3496Kb free=4002Kb
 bounds [0x0000024f67050000, 0x0000024f673c0000, 0x0000024f677a0000]
 total_blobs=3250 nmethods=2435 adapters=716
 compilation: enabled
              stopped_count=0, restarted_count=0
 full_count=0

Compilation events (20 events):
Event: 3.513 Thread 0x0000024f770ec3d0 2387       3       java.lang.invoke.BoundMethodHandle$Species_L::speciesData (4 bytes)
Event: 3.513 Thread 0x0000024f770ec3d0 nmethod 2387 0x0000024f6005c590 code [0x0000024f6005c720, 0x0000024f6005c838]
Event: 3.515 Thread 0x0000024f773e5940 2392       3       java.lang.Module::isExported (18 bytes)
Event: 3.515 Thread 0x0000024f773e5940 nmethod 2392 0x0000024f6005c910 code [0x0000024f6005cb00, 0x0000024f6005cf10]
Event: 3.518 Thread 0x0000024f770e7750 nmethod 2382 0x0000024f6787d210 code [0x0000024f6787d440, 0x0000024f6787deb0]
Event: 3.518 Thread 0x0000024f770e7750 2388       4       java.util.HashMap::resize (356 bytes)
Event: 3.522 Thread 0x0000024f773e5940 2393       3       sun.misc.Unsafe::putByte (9 bytes)
Event: 3.522 Thread 0x0000024f770ed700 2394       3       jdk.internal.misc.Unsafe::putByte (8 bytes)
Event: 3.522 Thread 0x0000024f770ed700 nmethod 2394 0x0000024f6005d090 code [0x0000024f6005d220, 0x0000024f6005d338]
Event: 3.522 Thread 0x0000024f773e5940 nmethod 2393 0x0000024f6005d410 code [0x0000024f6005d5c0, 0x0000024f6005d740]
Event: 3.522 Thread 0x0000024f773e5940 2396       3       sun.misc.Unsafe::getInt (8 bytes)
Event: 3.522 Thread 0x0000024f770ec3d0 2397       3       sun.misc.Unsafe::putInt (9 bytes)
Event: 3.522 Thread 0x0000024f773e5ff0 2398       3       jdk.internal.misc.Unsafe::putInt (8 bytes)
Event: 3.522 Thread 0x0000024f773e5940 nmethod 2396 0x0000024f6005d810 code [0x0000024f6005d9c0, 0x0000024f6005db40]
Event: 3.522 Thread 0x0000024f773e5ff0 nmethod 2398 0x0000024f6005dc10 code [0x0000024f6005dda0, 0x0000024f6005deb8]
Event: 3.522 Thread 0x0000024f773e5940 2399       3       sun.misc.Unsafe::getByte (8 bytes)
Event: 3.522 Thread 0x0000024f770ec3d0 nmethod 2397 0x0000024f6005df90 code [0x0000024f6005e140, 0x0000024f6005e2c0]
Event: 3.522 Thread 0x0000024f770ed700 2400       3       jdk.internal.misc.Unsafe::getByte (7 bytes)
Event: 3.522 Thread 0x0000024f770ed700 nmethod 2400 0x0000024f6005e390 code [0x0000024f6005e520, 0x0000024f6005e640]
Event: 3.522 Thread 0x0000024f773e5940 nmethod 2399 0x0000024f6005e710 code [0x0000024f6005e8c0, 0x0000024f6005ea50]

GC Heap History (4 events):
Event: 0.492 GC heap before
{Heap before GC invocations=0 (full 0):
 garbage-first heap   total 251904K, used 22528K [0x000000070a600000, 0x0000000800000000)
  region size 2048K, 11 young (22528K), 0 survivors (0K)
 Metaspace       used 3196K, committed 3328K, reserved 1114112K
  class space    used 332K, committed 384K, reserved 1048576K
}
Event: 0.494 GC heap after
{Heap after GC invocations=1 (full 0):
 garbage-first heap   total 251904K, used 2214K [0x000000070a600000, 0x0000000800000000)
  region size 2048K, 2 young (4096K), 2 survivors (4096K)
 Metaspace       used 3196K, committed 3328K, reserved 1114112K
  class space    used 332K, committed 384K, reserved 1048576K
}
Event: 3.403 GC heap before
{Heap before GC invocations=1 (full 0):
 garbage-first heap   total 251904K, used 53414K [0x000000070a600000, 0x0000000800000000)
  region size 2048K, 26 young (53248K), 2 survivors (4096K)
 Metaspace       used 14323K, committed 14656K, reserved 1114112K
  class space    used 2151K, committed 2304K, reserved 1048576K
}
Event: 3.407 GC heap after
{Heap after GC invocations=2 (full 0):
 garbage-first heap   total 251904K, used 11264K [0x000000070a600000, 0x0000000800000000)
  region size 2048K, 4 young (8192K), 4 survivors (8192K)
 Metaspace       used 14323K, committed 14656K, reserved 1114112K
  class space    used 2151K, committed 2304K, reserved 1048576K
}

Dll operation events (20 events):
Event: 0.370 Loaded shared library C:\Users\amuly\.openjfx\cache\21-ea+null\amd64\api-ms-win-crt-math-l1-1-0.dll
Event: 0.373 Loaded shared library C:\Users\amuly\.openjfx\cache\21-ea+null\amd64\api-ms-win-crt-multibyte-l1-1-0.dll
Event: 0.376 Loaded shared library C:\Users\amuly\.openjfx\cache\21-ea+null\amd64\api-ms-win-crt-private-l1-1-0.dll
Event: 0.379 Loaded shared library C:\Users\amuly\.openjfx\cache\21-ea+null\amd64\api-ms-win-crt-process-l1-1-0.dll
Event: 0.381 Loaded shared library C:\Users\amuly\.openjfx\cache\21-ea+null\amd64\api-ms-win-crt-runtime-l1-1-0.dll
Event: 0.384 Loaded shared library C:\Users\amuly\.openjfx\cache\21-ea+null\amd64\api-ms-win-crt-stdio-l1-1-0.dll
Event: 0.386 Loaded shared library C:\Users\amuly\.openjfx\cache\21-ea+null\amd64\api-ms-win-crt-string-l1-1-0.dll
Event: 0.389 Loaded shared library C:\Users\amuly\.openjfx\cache\21-ea+null\amd64\api-ms-win-crt-time-l1-1-0.dll
Event: 0.391 Loaded shared library C:\Users\amuly\.openjfx\cache\21-ea+null\amd64\api-ms-win-crt-utility-l1-1-0.dll
Event: 0.402 Loaded shared library C:\Users\amuly\.openjfx\cache\21-ea+null\amd64\ucrtbase.dll
Event: 0.406 Loaded shared library C:\Users\amuly\.openjfx\cache\21-ea+null\amd64\vcruntime140.dll
Event: 0.409 Loaded shared library C:\Users\amuly\.openjfx\cache\21-ea+null\amd64\vcruntime140_1.dll
Event: 0.417 Loaded shared library C:\Users\amuly\.openjfx\cache\21-ea+null\amd64\msvcp140.dll
Event: 0.420 Loaded shared library C:\Users\amuly\.openjfx\cache\21-ea+null\amd64\msvcp140_1.dll
Event: 0.424 Loaded shared library C:\Users\amuly\.openjfx\cache\21-ea+null\amd64\msvcp140_2.dll
Event: 0.461 Loaded shared library C:\Users\amuly\.openjfx\cache\21-ea+null\amd64\prism_d3d.dll
Event: 0.505 Loaded shared library C:\Users\amuly\.openjfx\cache\21-ea+null\amd64\glass.dll
Event: 0.591 Loaded shared library C:\Program Files\Java\jdk-21\bin\jimage.dll
Event: 0.681 Loaded shared library C:\Users\amuly\.openjfx\cache\21-ea+null\amd64\javafx_iio.dll
Event: 0.727 Loaded shared library C:\Users\amuly\.openjfx\cache\21-ea+null\amd64\javafx_font.dll

Deoptimization events (20 events):
Event: 3.387 Thread 0x0000024f7c3420c0 Uncommon trap: trap_request=0xffffff45 fr.pc=0x0000024f6784eab4 relative=0x00000000000006f4
Event: 3.387 Thread 0x0000024f7c3420c0 Uncommon trap: reason=unstable_if action=reinterpret pc=0x0000024f6784eab4 method=java.util.regex.Matcher.search(I)Z @ 30 c2
Event: 3.387 Thread 0x0000024f7c3420c0 DEOPT PACKING pc=0x0000024f6784eab4 sp=0x000000e203afb230
Event: 3.387 Thread 0x0000024f7c3420c0 DEOPT UNPACKING pc=0x0000024f670a46a2 sp=0x000000e203afb210 mode 2
Event: 3.387 Thread 0x0000024f7c3420c0 Uncommon trap: trap_request=0xffffffde fr.pc=0x0000024f67855024 relative=0x00000000000002c4
Event: 3.387 Thread 0x0000024f7c3420c0 Uncommon trap: reason=class_check action=maybe_recompile pc=0x0000024f67855024 method=java.util.regex.Pattern$BmpCharPropertyGreedy.match(Ljava/util/regex/Matcher;ILjava/lang/CharSequence;)Z @ 26 c2
Event: 3.387 Thread 0x0000024f7c3420c0 DEOPT PACKING pc=0x0000024f67855024 sp=0x000000e203afb160
Event: 3.387 Thread 0x0000024f7c3420c0 DEOPT UNPACKING pc=0x0000024f670a46a2 sp=0x000000e203afb108 mode 2
Event: 3.387 Thread 0x0000024f7c3420c0 Uncommon trap: trap_request=0xffffffde fr.pc=0x0000024f67855024 relative=0x00000000000002c4
Event: 3.387 Thread 0x0000024f7c3420c0 Uncommon trap: reason=class_check action=maybe_recompile pc=0x0000024f67855024 method=java.util.regex.Pattern$BmpCharPropertyGreedy.match(Ljava/util/regex/Matcher;ILjava/lang/CharSequence;)Z @ 26 c2
Event: 3.387 Thread 0x0000024f7c3420c0 DEOPT PACKING pc=0x0000024f67855024 sp=0x000000e203afb160
Event: 3.387 Thread 0x0000024f7c3420c0 DEOPT UNPACKING pc=0x0000024f670a46a2 sp=0x000000e203afb108 mode 2
Event: 3.387 Thread 0x0000024f7c3420c0 Uncommon trap: trap_request=0xffffffde fr.pc=0x0000024f67855024 relative=0x00000000000002c4
Event: 3.387 Thread 0x0000024f7c3420c0 Uncommon trap: reason=class_check action=maybe_recompile pc=0x0000024f67855024 method=java.util.regex.Pattern$BmpCharPropertyGreedy.match(Ljava/util/regex/Matcher;ILjava/lang/CharSequence;)Z @ 26 c2
Event: 3.387 Thread 0x0000024f7c3420c0 DEOPT PACKING pc=0x0000024f67855024 sp=0x000000e203afb160
Event: 3.387 Thread 0x0000024f7c3420c0 DEOPT UNPACKING pc=0x0000024f670a46a2 sp=0x000000e203afb108 mode 2
Event: 3.452 Thread 0x0000024f7c3420c0 Uncommon trap: trap_request=0xffffff45 fr.pc=0x0000024f67838e98 relative=0x00000000000001f8
Event: 3.452 Thread 0x0000024f7c3420c0 Uncommon trap: reason=unstable_if action=reinterpret pc=0x0000024f67838e98 method=java.io.ByteArrayInputStream.read()I @ 8 c2
Event: 3.452 Thread 0x0000024f7c3420c0 DEOPT PACKING pc=0x0000024f67838e98 sp=0x000000e203afabb0
Event: 3.452 Thread 0x0000024f7c3420c0 DEOPT UNPACKING pc=0x0000024f670a46a2 sp=0x000000e203afab58 mode 2

Classes loaded (20 events):
Event: 3.457 Loading class java/lang/foreign/MemorySegment$Scope done
Event: 3.457 Loading class jdk/internal/foreign/MemorySessionImpl done
Event: 3.457 Loading class jdk/internal/icu/text/UTF16
Event: 3.459 Loading class jdk/internal/icu/text/UTF16 done
Event: 3.459 Loading class jdk/internal/icu/text/BidiLine
Event: 3.460 Loading class jdk/internal/icu/text/BidiLine done
Event: 3.480 Loading class java/lang/Throwable$WrappedPrintStream
Event: 3.480 Loading class java/lang/Throwable$PrintStreamOrWriter
Event: 3.480 Loading class java/lang/Throwable$PrintStreamOrWriter done
Event: 3.480 Loading class java/lang/Throwable$WrappedPrintStream done
Event: 3.503 Loading class java/nio/ShortBuffer
Event: 3.503 Loading class java/nio/ShortBuffer done
Event: 3.503 Loading class java/nio/DoubleBuffer
Event: 3.503 Loading class java/nio/DoubleBuffer done
Event: 3.510 Loading class jdk/internal/ref/CleanerImpl$InnocuousThreadFactory
Event: 3.510 Loading class jdk/internal/ref/CleanerImpl$InnocuousThreadFactory done
Event: 3.514 Loading class sun/misc/Unsafe
Event: 3.514 Loading class sun/misc/Unsafe done
Event: 3.514 Loading class java/lang/invoke/DirectMethodHandle$StaticAccessor
Event: 3.514 Loading class java/lang/invoke/DirectMethodHandle$StaticAccessor done

Classes unloaded (0 events):
No events

Classes redefined (0 events):
No events

Internal exceptions (20 events):
Event: 0.863 Thread 0x0000024f7c3420c0 Exception <a 'java/lang/NoSuchMethodError'{0x000000071786ee88}: 'void java.lang.invoke.DirectMethodHandle$Holder.invokeStaticInit(java.lang.Object, java.lang.Object)'> (0x000000071786ee88) 
thrown [s\open\src\hotspot\share\interpreter\linkResolver.cpp, line 773]
Event: 0.874 Thread 0x0000024f7c3420c0 Exception <a 'java/lang/NoSuchMethodError'{0x000000071795f750}: 'void java.lang.invoke.Invokers$Holder.invokeExact_MT(java.lang.Object, java.lang.Object, java.lang.Object, java.lang.Object)'> (0x000000071795f750) 
thrown [s\open\src\hotspot\share\interpreter\linkResolver.cpp, line 773]
Event: 0.933 Thread 0x0000024f7c3420c0 Implicit null exception at 0x0000024f677bb229 to 0x0000024f677bb54c
Event: 0.947 Thread 0x0000024f7c3420c0 Implicit null exception at 0x0000024f6783af02 to 0x0000024f6783b41c
Event: 0.952 Thread 0x0000024f7c3420c0 Exception <a 'java/lang/NoSuchMethodError'{0x00000007172ac410}: 'java.lang.Object java.lang.invoke.DirectMethodHandle$Holder.newInvokeSpecial(java.lang.Object, java.lang.Object, int)'> (0x00000007172ac410) 
thrown [s\open\src\hotspot\share\interpreter\linkResolver.cpp, line 773]
Event: 0.980 Thread 0x0000024f7c3420c0 Exception <a 'java/lang/NoSuchMethodError'{0x000000071738f4a8}: 'long java.lang.invoke.DirectMethodHandle$Holder.invokeStatic(java.lang.Object, java.lang.Object, java.lang.Object)'> (0x000000071738f4a8) 
thrown [s\open\src\hotspot\share\interpreter\linkResolver.cpp, line 773]
Event: 0.981 Thread 0x0000024f7c3420c0 Exception <a 'java/lang/NoSuchMethodError'{0x0000000717392b80}: 'long java.lang.invoke.DirectMethodHandle$Holder.invokeStaticInit(java.lang.Object, java.lang.Object, java.lang.Object)'> (0x0000000717392b80) 
thrown [s\open\src\hotspot\share\interpreter\linkResolver.cpp, line 773]
Event: 0.982 Thread 0x0000024f7c3420c0 Exception <a 'java/lang/NoSuchMethodError'{0x00000007173a7178}: 'java.lang.Object java.lang.invoke.DirectMethodHandle$Holder.newInvokeSpecial(java.lang.Object, java.lang.Object, long)'> (0x00000007173a7178) 
thrown [s\open\src\hotspot\share\interpreter\linkResolver.cpp, line 773]
Event: 0.982 Thread 0x0000024f7c3420c0 Exception <a 'java/lang/NoSuchMethodError'{0x00000007173aaa70}: 'java.lang.Object java.lang.invoke.Invokers$Holder.linkToTargetMethod(java.lang.Object, long, java.lang.Object)'> (0x00000007173aaa70) 
thrown [s\open\src\hotspot\share\interpreter\linkResolver.cpp, line 773]
Event: 0.987 Thread 0x0000024f7cd54010 Exception <a 'java/lang/NoSuchMethodError'{0x00000007199a69e8}: 'int java.lang.invoke.DirectMethodHandle$Holder.invokeStaticInit(java.lang.Object, java.lang.Object)'> (0x00000007199a69e8) 
thrown [s\open\src\hotspot\share\interpreter\linkResolver.cpp, line 773]
Event: 1.085 Thread 0x0000024f770e4a00 Exception <a 'sun/nio/fs/WindowsException'{0x00000007171eee18}> (0x00000007171eee18) 
thrown [s\open\src\hotspot\share\prims\jni.cpp, line 520]
Event: 3.341 Thread 0x0000024f7c3420c0 Implicit null exception at 0x0000024f67837d02 to 0x0000024f67838210
Event: 3.341 Thread 0x0000024f7c3420c0 Implicit null exception at 0x0000024f677cd0fd to 0x0000024f677cd3e0
Event: 3.368 Thread 0x0000024f7c3420c0 Exception <a 'java/lang/ClassNotFoundException'{0x0000000716d931a0}: com/sun/javafx/scene/control/skin/resources/controls> (0x0000000716d931a0) 
thrown [s\open\src\hotspot\share\prims\jni.cpp, line 539]
Event: 3.368 Thread 0x0000024f7c3420c0 Exception <a 'java/lang/ClassNotFoundException'{0x0000000716da1638}: com/sun/javafx/scene/control/skin/resources/controls_en> (0x0000000716da1638) 
thrown [s\open\src\hotspot\share\prims\jni.cpp, line 539]
Event: 3.369 Thread 0x0000024f7c3420c0 Exception <a 'java/lang/ClassNotFoundException'{0x0000000716da2878}: com/sun/javafx/scene/control/skin/resources/controls_en_IN> (0x0000000716da2878) 
thrown [s\open\src\hotspot\share\prims\jni.cpp, line 539]
Event: 3.390 Thread 0x0000024f7c3420c0 Exception <a 'java/lang/NoSuchMethodError'{0x0000000716b75848}: 'void java.lang.invoke.DirectMethodHandle$Holder.invokeSpecial(java.lang.Object, java.lang.Object, java.lang.Object, java.lang.Object, java.lang.Object, java.lang.Object)'> (0x0000000716b75848) 
thrown [s\open\src\hotspot\share\interpreter\linkResolver.cpp, line 773]
Event: 3.392 Thread 0x0000024f7c3420c0 Exception <a 'java/lang/IncompatibleClassChangeError'{0x0000000716b94668}: Found class java.lang.Object, but interface was expected> (0x0000000716b94668) 
thrown [s\open\src\hotspot\share\interpreter\linkResolver.cpp, line 840]
Event: 3.460 Thread 0x0000024f7c3420c0 Exception <a 'java/lang/NoSuchMethodError'{0x00000007196558c8}: 'int java.lang.invoke.DirectMethodHandle$Holder.invokeSpecial(java.lang.Object, java.lang.Object, int)'> (0x00000007196558c8) 
thrown [s\open\src\hotspot\share\interpreter\linkResolver.cpp, line 773]
Event: 3.480 Thread 0x0000024f7cd54010 Exception <a 'java/lang/NullPointerException'{0x00000007197084c0}> (0x00000007197084c0) 
thrown [s\open\src\hotspot\share\interpreter\linkResolver.cpp, line 1456]

ZGC Phase Switch (0 events):
No events

VM Operations (20 events):
Event: 0.161 Executing VM operation: HandshakeAllThreads (Deoptimize)
Event: 0.161 Executing VM operation: HandshakeAllThreads (Deoptimize) done
Event: 0.161 Executing VM operation: HandshakeAllThreads (Deoptimize)
Event: 0.161 Executing VM operation: HandshakeAllThreads (Deoptimize) done
Event: 0.492 Executing VM operation: G1CollectForAllocation (G1 Evacuation Pause)
Event: 0.494 Executing VM operation: G1CollectForAllocation (G1 Evacuation Pause) done
Event: 0.498 Executing VM operation: HandshakeAllThreads (Deoptimize)
Event: 0.498 Executing VM operation: HandshakeAllThreads (Deoptimize) done
Event: 0.833 Executing VM operation: HandshakeAllThreads (Deoptimize)
Event: 0.833 Executing VM operation: HandshakeAllThreads (Deoptimize) done
Event: 0.872 Executing VM operation: ICBufferFull
Event: 0.872 Executing VM operation: ICBufferFull done
Event: 1.872 Executing VM operation: Cleanup
Event: 1.872 Executing VM operation: Cleanup done
Event: 2.873 Executing VM operation: Cleanup
Event: 2.873 Executing VM operation: Cleanup done
Event: 3.403 Executing VM operation: G1CollectForAllocation (G1 Evacuation Pause)
Event: 3.407 Executing VM operation: G1CollectForAllocation (G1 Evacuation Pause) done
Event: 3.418 Executing VM operation: HandshakeAllThreads (Deoptimize)
Event: 3.418 Executing VM operation: HandshakeAllThreads (Deoptimize) done

Events (20 events):
Event: 0.032 Thread 0x0000024f770e7750 Thread added: 0x0000024f770e7750
Event: 0.032 Thread 0x0000024f770ec3d0 Thread added: 0x0000024f770ec3d0
Event: 0.034 Thread 0x0000024f770ed700 Thread added: 0x0000024f770ed700
Event: 0.053 Thread 0x0000024f770a32d0 Thread added: 0x0000024f770a32d0
Event: 0.079 Thread 0x0000024f773e5940 Thread added: 0x0000024f773e5940
Event: 0.079 Thread 0x0000024f773e5ff0 Thread added: 0x0000024f773e5ff0
Event: 0.084 Thread 0x0000024f7748fe70 Thread added: 0x0000024f7748fe70
Event: 0.084 Thread 0x0000024f77494530 Thread added: 0x0000024f77494530
Event: 0.189 Thread 0x0000024f7c481490 Thread added: 0x0000024f7c481490
Event: 0.189 Thread 0x0000024f7c3276e0 Thread added: 0x0000024f7c3276e0
Event: 0.452 Thread 0x0000024f7cd54010 Thread added: 0x0000024f7cd54010
Event: 0.507 Thread 0x0000024f7c3332b0 Thread added: 0x0000024f7c3332b0
Event: 0.510 Thread 0x0000024f7c3420c0 Thread added: 0x0000024f7c3420c0
Event: 0.543 Thread 0x0000024f77494530 Thread exited: 0x0000024f77494530
Event: 0.572 Thread 0x0000024f7ce00af0 Thread added: 0x0000024f7ce00af0
Event: 0.572 Thread 0x0000024f77a0a070 Thread added: 0x0000024f77a0a070
Event: 0.776 Thread 0x0000024f7cbdb310 Thread added: 0x0000024f7cbdb310
Event: 1.212 Thread 0x0000024f7748fe70 Thread exited: 0x0000024f7748fe70
Event: 3.347 Thread 0x0000024f7d4ced00 Thread added: 0x0000024f7d4ced00
Event: 3.511 Thread 0x0000024f7cacd180 Thread added: 0x0000024f7cacd180


Dynamic libraries:
0x00007ff6f8f30000 - 0x00007ff6f8f40000 	C:\Program Files\Java\jdk-21\bin\java.exe
0x00007ffab9d30000 - 0x00007ffab9f47000 	C:\WINDOWS\SYSTEM32\ntdll.dll
0x00007ffab86b0000 - 0x00007ffab8774000 	C:\WINDOWS\System32\KERNEL32.DLL
0x00007ffab76a0000 - 0x00007ffab7a45000 	C:\WINDOWS\System32\KERNELBASE.dll
0x00007ffab7580000 - 0x00007ffab7691000 	C:\WINDOWS\System32\ucrtbase.dll
0x00007ffab0ac0000 - 0x00007ffab0ad9000 	C:\Program Files\Java\jdk-21\bin\jli.dll
0x00007ffa50360000 - 0x00007ffa5037b000 	C:\Program Files\Java\jdk-21\bin\VCRUNTIME140.dll
0x00007ffab99c0000 - 0x00007ffab9a71000 	C:\WINDOWS\System32\ADVAPI32.dll
0x00007ffab8180000 - 0x00007ffab8227000 	C:\WINDOWS\System32\msvcrt.dll
0x00007ffab8aa0000 - 0x00007ffab8b46000 	C:\WINDOWS\System32\sechost.dll
0x00007ffab8980000 - 0x00007ffab8a97000 	C:\WINDOWS\System32\RPCRT4.dll
0x00007ffab83b0000 - 0x00007ffab855e000 	C:\WINDOWS\System32\USER32.dll
0x00007ffab7a50000 - 0x00007ffab7a76000 	C:\WINDOWS\System32\win32u.dll
0x00007ffa9eb60000 - 0x00007ffa9edf3000 	C:\WINDOWS\WinSxS\amd64_microsoft.windows.common-controls_6595b64144ccf1df_6.0.22621.2506_none_270c5ae97388e100\COMCTL32.dll
0x00007ffab9110000 - 0x00007ffab9139000 	C:\WINDOWS\System32\GDI32.dll
0x00007ffab70a0000 - 0x00007ffab71b9000 	C:\WINDOWS\System32\gdi32full.dll
0x00007ffab7470000 - 0x00007ffab750a000 	C:\WINDOWS\System32\msvcp_win.dll
0x00007ffab0450000 - 0x00007ffab045a000 	C:\WINDOWS\SYSTEM32\VERSION.dll
0x00007ffab8000000 - 0x00007ffab8031000 	C:\WINDOWS\System32\IMM32.DLL
0x00007ffab0ab0000 - 0x00007ffab0abc000 	C:\Program Files\Java\jdk-21\bin\vcruntime140_1.dll
0x00007ffa42480000 - 0x00007ffa4250e000 	C:\Program Files\Java\jdk-21\bin\msvcp140.dll
0x00007ffa41760000 - 0x00007ffa42475000 	C:\Program Files\Java\jdk-21\bin\server\jvm.dll
0x00007ffab8230000 - 0x00007ffab82a1000 	C:\WINDOWS\System32\WS2_32.dll
0x00007ffab6f70000 - 0x00007ffab6fbd000 	C:\WINDOWS\SYSTEM32\POWRPROF.dll
0x00007ffab0a50000 - 0x00007ffab0a84000 	C:\WINDOWS\SYSTEM32\WINMM.dll
0x00007ffab6f50000 - 0x00007ffab6f63000 	C:\WINDOWS\SYSTEM32\UMPDC.dll
0x00007ffab60b0000 - 0x00007ffab60c8000 	C:\WINDOWS\SYSTEM32\kernel.appcore.dll
0x00007ffa98590000 - 0x00007ffa9859a000 	C:\Program Files\Java\jdk-21\bin\jimage.dll
0x00007ffaa54a0000 - 0x00007ffaa56d3000 	C:\WINDOWS\SYSTEM32\DBGHELP.DLL
0x00007ffab8b50000 - 0x00007ffab8ed9000 	C:\WINDOWS\System32\combase.dll
0x00007ffab8ee0000 - 0x00007ffab8fb7000 	C:\WINDOWS\System32\OLEAUT32.dll
0x00007ffa94360000 - 0x00007ffa94392000 	C:\WINDOWS\SYSTEM32\dbgcore.DLL
0x00007ffab73f0000 - 0x00007ffab746a000 	C:\WINDOWS\System32\bcryptPrimitives.dll
0x00007ffab1bb0000 - 0x00007ffab1bbf000 	C:\Program Files\Java\jdk-21\bin\instrument.dll
0x00007ffa50340000 - 0x00007ffa5035f000 	C:\Program Files\Java\jdk-21\bin\java.dll
0x00007ffab9140000 - 0x00007ffab9999000 	C:\WINDOWS\System32\SHELL32.dll
0x00007ffab4fc0000 - 0x00007ffab58b4000 	C:\WINDOWS\SYSTEM32\windows.storage.dll
0x00007ffab4e80000 - 0x00007ffab4fbe000 	C:\WINDOWS\SYSTEM32\wintypes.dll
0x00007ffab7a80000 - 0x00007ffab7b73000 	C:\WINDOWS\System32\SHCORE.dll
0x00007ffab82c0000 - 0x00007ffab831e000 	C:\WINDOWS\System32\shlwapi.dll
0x00007ffab6fd0000 - 0x00007ffab6ff6000 	C:\WINDOWS\SYSTEM32\profapi.dll
0x00007ffa41680000 - 0x00007ffa41757000 	C:\Program Files\Java\jdk-21\bin\jsvml.dll
0x00007ffa50330000 - 0x00007ffa50340000 	C:\Program Files\Java\jdk-21\bin\net.dll
0x00007ffab0ff0000 - 0x00007ffab1127000 	C:\WINDOWS\SYSTEM32\WINHTTP.dll
0x00007ffab6590000 - 0x00007ffab65f9000 	C:\WINDOWS\system32\mswsock.dll
0x00007ffa41660000 - 0x00007ffa41676000 	C:\Program Files\Java\jdk-21\bin\nio.dll
0x00007ffa41640000 - 0x00007ffa41658000 	C:\Program Files\Java\jdk-21\bin\zip.dll
0x00007ffa8a8f0000 - 0x00007ffa8a90a000 	C:\Program Files\JetBrains\IntelliJ IDEA Community Edition 2023.2.4\bin\breakgen64.dll
0x0000024f77e20000 - 0x0000024f77e23000 	C:\Users\amuly\.openjfx\cache\21-ea+null\amd64\api-ms-win-core-console-l1-1-0.dll
0x0000024f77e30000 - 0x0000024f77e33000 	C:\Users\amuly\.openjfx\cache\21-ea+null\amd64\api-ms-win-core-console-l1-2-0.dll
0x0000024f77f60000 - 0x0000024f77f63000 	C:\Users\amuly\.openjfx\cache\21-ea+null\amd64\api-ms-win-core-datetime-l1-1-0.dll
0x0000024f77f70000 - 0x0000024f77f73000 	C:\Users\amuly\.openjfx\cache\21-ea+null\amd64\api-ms-win-core-debug-l1-1-0.dll
0x0000024f77f80000 - 0x0000024f77f83000 	C:\Users\amuly\.openjfx\cache\21-ea+null\amd64\api-ms-win-core-errorhandling-l1-1-0.dll
0x0000024f77f90000 - 0x0000024f77f94000 	C:\Users\amuly\.openjfx\cache\21-ea+null\amd64\api-ms-win-core-file-l1-1-0.dll
0x0000024f77fa0000 - 0x0000024f77fa3000 	C:\Users\amuly\.openjfx\cache\21-ea+null\amd64\api-ms-win-core-file-l1-2-0.dll
0x0000024f77fb0000 - 0x0000024f77fb3000 	C:\Users\amuly\.openjfx\cache\21-ea+null\amd64\api-ms-win-core-file-l2-1-0.dll
0x0000024f77fc0000 - 0x0000024f77fc3000 	C:\Users\amuly\.openjfx\cache\21-ea+null\amd64\api-ms-win-core-handle-l1-1-0.dll
0x0000024f77fd0000 - 0x0000024f77fd3000 	C:\Users\amuly\.openjfx\cache\21-ea+null\amd64\api-ms-win-core-heap-l1-1-0.dll
0x0000024f77fe0000 - 0x0000024f77fe3000 	C:\Users\amuly\.openjfx\cache\21-ea+null\amd64\api-ms-win-core-interlocked-l1-1-0.dll
0x0000024f77ff0000 - 0x0000024f77ff3000 	C:\Users\amuly\.openjfx\cache\21-ea+null\amd64\api-ms-win-core-libraryloader-l1-1-0.dll
0x0000024f7cfd0000 - 0x0000024f7cfd3000 	C:\Users\amuly\.openjfx\cache\21-ea+null\amd64\api-ms-win-core-localization-l1-2-0.dll
0x0000024f7cfe0000 - 0x0000024f7cfe3000 	C:\Users\amuly\.openjfx\cache\21-ea+null\amd64\api-ms-win-core-memory-l1-1-0.dll
0x0000024f7cff0000 - 0x0000024f7cff3000 	C:\Users\amuly\.openjfx\cache\21-ea+null\amd64\api-ms-win-core-namedpipe-l1-1-0.dll
0x0000024f7d000000 - 0x0000024f7d003000 	C:\Users\amuly\.openjfx\cache\21-ea+null\amd64\api-ms-win-core-processenvironment-l1-1-0.dll
0x0000024f7d010000 - 0x0000024f7d013000 	C:\Users\amuly\.openjfx\cache\21-ea+null\amd64\api-ms-win-core-processthreads-l1-1-0.dll
0x0000024f7d020000 - 0x0000024f7d023000 	C:\Users\amuly\.openjfx\cache\21-ea+null\amd64\api-ms-win-core-processthreads-l1-1-1.dll
0x0000024f77e40000 - 0x0000024f77e43000 	C:\Users\amuly\.openjfx\cache\21-ea+null\amd64\api-ms-win-core-profile-l1-1-0.dll
0x0000024f77e50000 - 0x0000024f77e53000 	C:\Users\amuly\.openjfx\cache\21-ea+null\amd64\api-ms-win-core-rtlsupport-l1-1-0.dll
0x0000024f77e60000 - 0x0000024f77e63000 	C:\Users\amuly\.openjfx\cache\21-ea+null\amd64\api-ms-win-core-string-l1-1-0.dll
0x0000024f77e70000 - 0x0000024f77e73000 	C:\Users\amuly\.openjfx\cache\21-ea+null\amd64\api-ms-win-core-synch-l1-1-0.dll
0x0000024f77e80000 - 0x0000024f77e83000 	C:\Users\amuly\.openjfx\cache\21-ea+null\amd64\api-ms-win-core-synch-l1-2-0.dll
0x0000024f77e90000 - 0x0000024f77e93000 	C:\Users\amuly\.openjfx\cache\21-ea+null\amd64\api-ms-win-core-sysinfo-l1-1-0.dll
0x0000024f77ea0000 - 0x0000024f77ea3000 	C:\Users\amuly\.openjfx\cache\21-ea+null\amd64\api-ms-win-core-timezone-l1-1-0.dll
0x0000024f77eb0000 - 0x0000024f77eb3000 	C:\Users\amuly\.openjfx\cache\21-ea+null\amd64\api-ms-win-core-util-l1-1-0.dll
0x0000024f77ec0000 - 0x0000024f77ec3000 	C:\Users\amuly\.openjfx\cache\21-ea+null\amd64\api-ms-win-crt-conio-l1-1-0.dll
0x0000024f77ed0000 - 0x0000024f77ed4000 	C:\Users\amuly\.openjfx\cache\21-ea+null\amd64\api-ms-win-crt-convert-l1-1-0.dll
0x0000024f77ee0000 - 0x0000024f77ee3000 	C:\Users\amuly\.openjfx\cache\21-ea+null\amd64\api-ms-win-crt-environment-l1-1-0.dll
0x0000024f77ef0000 - 0x0000024f77ef3000 	C:\Users\amuly\.openjfx\cache\21-ea+null\amd64\api-ms-win-crt-filesystem-l1-1-0.dll
0x0000024f77f00000 - 0x0000024f77f03000 	C:\Users\amuly\.openjfx\cache\21-ea+null\amd64\api-ms-win-crt-heap-l1-1-0.dll
0x0000024f77f10000 - 0x0000024f77f13000 	C:\Users\amuly\.openjfx\cache\21-ea+null\amd64\api-ms-win-crt-locale-l1-1-0.dll
0x0000024f77f20000 - 0x0000024f77f25000 	C:\Users\amuly\.openjfx\cache\21-ea+null\amd64\api-ms-win-crt-math-l1-1-0.dll
0x0000024f77f30000 - 0x0000024f77f35000 	C:\Users\amuly\.openjfx\cache\21-ea+null\amd64\api-ms-win-crt-multibyte-l1-1-0.dll
0x0000024f77f40000 - 0x0000024f77f50000 	C:\Users\amuly\.openjfx\cache\21-ea+null\amd64\api-ms-win-crt-private-l1-1-0.dll
0x0000024f77f50000 - 0x0000024f77f53000 	C:\Users\amuly\.openjfx\cache\21-ea+null\amd64\api-ms-win-crt-process-l1-1-0.dll
0x0000024f7d030000 - 0x0000024f7d034000 	C:\Users\amuly\.openjfx\cache\21-ea+null\amd64\api-ms-win-crt-runtime-l1-1-0.dll
0x0000024f7d040000 - 0x0000024f7d044000 	C:\Users\amuly\.openjfx\cache\21-ea+null\amd64\api-ms-win-crt-stdio-l1-1-0.dll
0x0000024f7d050000 - 0x0000024f7d054000 	C:\Users\amuly\.openjfx\cache\21-ea+null\amd64\api-ms-win-crt-string-l1-1-0.dll
0x0000024f7d060000 - 0x0000024f7d063000 	C:\Users\amuly\.openjfx\cache\21-ea+null\amd64\api-ms-win-crt-time-l1-1-0.dll
0x0000024f7d070000 - 0x0000024f7d073000 	C:\Users\amuly\.openjfx\cache\21-ea+null\amd64\api-ms-win-crt-utility-l1-1-0.dll
0x00007ffaa0210000 - 0x00007ffaa030c000 	C:\Users\amuly\.openjfx\cache\21-ea+null\amd64\ucrtbase.dll
0x00007ffab2770000 - 0x00007ffab278b000 	C:\Users\amuly\.openjfx\cache\21-ea+null\amd64\vcruntime140.dll
0x00007ffab2760000 - 0x00007ffab276c000 	C:\Users\amuly\.openjfx\cache\21-ea+null\amd64\vcruntime140_1.dll
0x00007ffaa0180000 - 0x00007ffaa020e000 	C:\Users\amuly\.openjfx\cache\21-ea+null\amd64\msvcp140.dll
0x00007ffab8780000 - 0x00007ffab8920000 	C:\WINDOWS\System32\ole32.dll
0x00007ffab2750000 - 0x00007ffab2759000 	C:\Users\amuly\.openjfx\cache\21-ea+null\amd64\msvcp140_1.dll
0x00007ffab21b0000 - 0x00007ffab21df000 	C:\Users\amuly\.openjfx\cache\21-ea+null\amd64\msvcp140_2.dll
0x00007ffab1f60000 - 0x00007ffab1f8f000 	C:\Users\amuly\.openjfx\cache\21-ea+null\amd64\prism_d3d.dll
0x00007ffaa2cf0000 - 0x00007ffaa2e99000 	C:\WINDOWS\system32\d3d9.dll
0x00007ffab4a10000 - 0x00007ffab4a3b000 	C:\WINDOWS\SYSTEM32\dwmapi.dll
0x00007ffab46e0000 - 0x00007ffab4716000 	C:\WINDOWS\SYSTEM32\dxcore.dll
0x00007ffab45a0000 - 0x00007ffab464b000 	C:\WINDOWS\system32\uxtheme.dll
0x00007ffaa83c0000 - 0x00007ffaa857b000 	C:\WINDOWS\System32\DriverStore\FileRepository\u0382224.inf_amd64_c734d32d6997cdb7\B380779\aticfx64.dll
0x00007ffa3d6b0000 - 0x00007ffa3d6e4000 	C:\WINDOWS\System32\DriverStore\FileRepository\u0382224.inf_amd64_c734d32d6997cdb7\B380779\atiu9p64.dll
0x00007ffa3c950000 - 0x00007ffa3d6a5000 	C:\WINDOWS\System32\DriverStore\FileRepository\u0382224.inf_amd64_c734d32d6997cdb7\B380779\atiumd64.dll
0x0000000068270000 - 0x0000000069196000 	C:\WINDOWS\System32\DriverStore\FileRepository\u0382224.inf_amd64_c734d32d6997cdb7\B380779\atiumd6a.dll
0x00007ffab7b80000 - 0x00007ffab7ff4000 	C:\WINDOWS\System32\SETUPAPI.dll
0x00007ffaa63c0000 - 0x00007ffaa63f5000 	C:\WINDOWS\SYSTEM32\amdihk64.dll
0x00007ffab07b0000 - 0x00007ffab07fa000 	C:\WINDOWS\SYSTEM32\directxdatabasehelper.dll
0x00007ffab1bc0000 - 0x00007ffab1c02000 	C:\Users\amuly\.openjfx\cache\21-ea+null\amd64\glass.dll
0x00007ffab9010000 - 0x00007ffab9109000 	C:\WINDOWS\System32\COMDLG32.dll
0x00007ffab8560000 - 0x00007ffab86af000 	C:\WINDOWS\System32\MSCTF.dll
0x00007ffaa0150000 - 0x00007ffaa017d000 	C:\Users\amuly\.openjfx\cache\21-ea+null\amd64\javafx_iio.dll
0x00007ffab2730000 - 0x00007ffab2744000 	C:\Users\amuly\.openjfx\cache\21-ea+null\amd64\javafx_font.dll
0x00007ffab2ee0000 - 0x00007ffab3153000 	C:\WINDOWS\SYSTEM32\dwrite.dll
0x00007ffab9a80000 - 0x00007ffab9b30000 	C:\WINDOWS\System32\clbcatq.dll
0x00007ffab2d30000 - 0x00007ffab2ee0000 	C:\WINDOWS\SYSTEM32\WindowsCodecs.dll
0x00007ffa88420000 - 0x00007ffa8847e000 	C:\WINDOWS\system32\dataexchange.dll
0x00007ffaaa4e0000 - 0x00007ffaaa765000 	C:\WINDOWS\system32\twinapi.appcore.dll
0x00007ffa8e220000 - 0x00007ffa8e252000 	C:\Program Files\Common Files\Microsoft Shared\Ink\rtscom.dll
0x00007ffa957c0000 - 0x00007ffa9590a000 	C:\WINDOWS\SYSTEM32\textinputframework.dll
0x00007ffab3c10000 - 0x00007ffab3d43000 	C:\WINDOWS\SYSTEM32\CoreMessaging.dll
0x00007ffaac750000 - 0x00007ffaacabc000 	C:\WINDOWS\SYSTEM32\CoreUIComponents.dll
0x00007ffab67e0000 - 0x00007ffab67ec000 	C:\WINDOWS\SYSTEM32\CRYPTBASE.DLL
0x00007ffab3160000 - 0x00007ffab374e000 	C:\WINDOWS\SYSTEM32\d2d1.dll
0x00007ffab3750000 - 0x00007ffab39a7000 	C:\WINDOWS\SYSTEM32\d3d11.dll
0x00007ffab4730000 - 0x00007ffab4828000 	C:\WINDOWS\SYSTEM32\dxgi.dll
0x00007ffaabe30000 - 0x00007ffaac541000 	C:\WINDOWS\SYSTEM32\D3D10Warp.dll

dbghelp: loaded successfully - version: 4.0.5 - missing functions: none
symbol engine: initialized successfully - sym options: 0x614 - pdb path: .;C:\Program Files\Java\jdk-21\bin;C:\WINDOWS\SYSTEM32;C:\WINDOWS\WinSxS\amd64_microsoft.windows.common-controls_6595b64144ccf1df_6.0.22621.2506_none_270c5ae97388e100;C:\Program Files\Java\jdk-21\bin\server;C:\Program Files\JetBrains\IntelliJ IDEA Community Edition 2023.2.4\bin;C:\Users\amuly\.openjfx\cache\21-ea+null\amd64;C:\WINDOWS\System32\DriverStore\FileRepository\u0382224.inf_amd64_c734d32d6997cdb7\B380779;C:\Program Files\Common Files\Microsoft Shared\Ink

VM Arguments:
jvm_args: -javaagent:C:\Program Files\JetBrains\IntelliJ IDEA Community Edition 2023.2.4\lib\idea_rt.jar=54979:C:\Program Files\JetBrains\IntelliJ IDEA Community Edition 2023.2.4\bin -Dfile.encoding=UTF-8 -Dsun.stdout.encoding=UTF-8 -Dsun.stderr.encoding=UTF-8 --module-path=C:\Users\amuly\.m2\repository\org\openjfx\javafx-graphics\21-ea+24\javafx-graphics-21-ea+24-win.jar;C:\Users\amuly\Downloads\openjfx-21.0.1_windows-x64_bin-sdk\javafx-sdk-21.0.1\lib\javafx.graphics.jar;C:\Users\amuly\.m2\repository\org\kordamp\bootstrapfx\bootstrapfx-core\0.4.0\bootstrapfx-core-0.4.0.jar;C:\Users\amuly\.m2\repository\org\openjfx\javafx-controls\21-ea+24\javafx-controls-21-ea+24-win.jar;C:\Users\amuly\Downloads\openjfx-21.0.1_windows-x64_bin-sdk\javafx-sdk-21.0.1\lib\javafx.controls.jar;C:\Users\amuly\.m2\repository\org\openjfx\javafx-base\21-ea+24\javafx-base-21-ea+24-win.jar;C:\Users\amuly\Downloads\openjfx-21.0.1_windows-x64_bin-sdk\javafx-sdk-21.0.1\lib\javafx.base.jar;C:\Users\amuly\Downloads\dbms\dbms\DBMS project\ebsys\target\classes;C:\Users\amuly\.m2\repository\com\dlsc\formsfx\formsfx-core\11.6.0\formsfx-core-11.6.0.jar;C:\Users\amuly\.m2\repository\org\controlsfx\controlsfx\11.1.2\controlsfx-11.1.2.jar;C:\Users\amuly\.m2\repository\org\openjfx\javafx-fxml\21-ea+24\javafx-fxml-21-ea+24-win.jar;C:\Users\amuly\Downloads\openjfx-21.0.1_windows-x64_bin-sdk\javafx-sdk-21.0.1\lib\javafx.fxml.jar -Djdk.module.main=com.example.ebsys 
java_command: com.example.ebsys/com.example.ebsys.main
java_class_path (initial): C:\Users\amuly\.m2\repository\org\openjfx\javafx-controls\21-ea+24\javafx-controls-21-ea+24.jar;C:\Users\amuly\.m2\repository\org\openjfx\javafx-graphics\21-ea+24\javafx-graphics-21-ea+24.jar;C:\Users\amuly\.m2\repository\org\openjfx\javafx-base\21-ea+24\javafx-base-21-ea+24.jar;C:\Users\amuly\.m2\repository\org\openjfx\javafx-fxml\21-ea+24\javafx-fxml-21-ea+24.jar;C:\Users\amuly\Downloads\mysql-connector-j-8.2.0\mysql-connector-j-8.2.0\mysql-connector-j-8.2.0.jar
Launcher Type: SUN_STANDARD

[Global flags]
     intx CICompilerCount                          = 12                                        {product} {ergonomic}
     uint ConcGCThreads                            = 3                                         {product} {ergonomic}
     uint G1ConcRefinementThreads                  = 13                                        {product} {ergonomic}
   size_t G1HeapRegionSize                         = 2097152                                   {product} {ergonomic}
    uintx GCDrainStackTargetSize                   = 64                                        {product} {ergonomic}
   size_t InitialHeapSize                          = 257949696                                 {product} {ergonomic}
   size_t MarkStackSize                            = 4194304                                   {product} {ergonomic}
   size_t MaxHeapSize                              = 4120903680                                {product} {ergonomic}
   size_t MaxNewSize                               = 2472542208                                {product} {ergonomic}
   size_t MinHeapDeltaBytes                        = 2097152                                   {product} {ergonomic}
   size_t MinHeapSize                              = 8388608                                   {product} {ergonomic}
    uintx NonNMethodCodeHeapSize                   = 7602480                                {pd product} {ergonomic}
    uintx NonProfiledCodeHeapSize                  = 122027880                              {pd product} {ergonomic}
    uintx ProfiledCodeHeapSize                     = 122027880                              {pd product} {ergonomic}
    uintx ReservedCodeCacheSize                    = 251658240                              {pd product} {ergonomic}
     bool SegmentedCodeCache                       = true                                      {product} {ergonomic}
   size_t SoftMaxHeapSize                          = 4120903680                             {manageable} {ergonomic}
     bool UseCompressedOops                        = true                           {product lp64_product} {ergonomic}
     bool UseG1GC                                  = true                                      {product} {ergonomic}
     bool UseLargePagesIndividualAllocation        = false                                  {pd product} {ergonomic}

Logging:
Log output configuration:
 #0: stdout all=warning uptime,level,tags foldmultilines=false
 #1: stderr all=off uptime,level,tags foldmultilines=false

Environment Variables:
PATH=C:\Program Files\Common Files\Oracle\Java\javapath;C:\windows\system32;C:\windows;C:\windows\System32\Wbem;C:\windows\System32\WindowsPowerShell\v1.0\;C:\windows\System32\OpenSSH\;C:\Program Files (x86)\NVIDIA Corporation\PhysX\Common;C:\Program Files\NVIDIA Corporation\NVIDIA NvDLISR;C:\WINDOWS\system32;C:\WINDOWS;C:\WINDOWS\System32\Wbem;C:\WINDOWS\System32\WindowsPowerShell\v1.0\;C:\WINDOWS\System32\OpenSSH\;C:\Program Files\dotnet\;C:\ProgramData\chocolatey\bin;C:\Program Files\nodejs\;C:\Program Files (x86)\Microsoft SQL Server\160\Tools\Binn\;C:\Program Files\Microsoft SQL Server\160\Tools\Binn\;C:\Program Files\Microsoft SQL Server\Client SDK\ODBC\170\Tools\Binn\;C:\Program Files\Microsoft SQL Server\160\DTS\Binn\;C:\Program Files (x86)\Microsoft SQL Server\160\DTS\Binn\;C:\Program Files\Azure Data Studio\bin;C:\Program Files\Java\jdk-21\bin;C:\Program Files\MySQL\MySQL Server 8.0\bin;C:\Program Files\MySQL\MySQL Shell 8.0\bin\;C:\Users\amuly\AppData\Local\Microsoft\WindowsApps;C:\Users\amuly\AppData\Local\Programs\Microsoft VS Code\bin;C:\Program Files\JetBrains\RubyMine 2022.3.3\bin;;C:\Users\amuly\AppData\Roaming\npm;C:\Program Files\Azure Data Studio\bin;C:\Program Files\JetBrains\IntelliJ IDEA Community Edition 2023.2.4\bin;
USERNAME=amuly
OS=Windows_NT
PROCESSOR_IDENTIFIER=AMD64 Family 25 Model 80 Stepping 0, AuthenticAMD
TMP=C:\Users\amuly\AppData\Local\Temp
TEMP=C:\Users\amuly\AppData\Local\Temp




Periodic native trim disabled

---------------  S Y S T E M  ---------------

OS:
 Windows 11 , 64 bit Build 22621 (10.0.22621.2506)
OS uptime: 0 days 0:29 hours

CPU: total 16 (initial active 16) (16 cores per cpu, 2 threads per core) family 25 model 80 stepping 0 microcode 0x0, cx8, cmov, fxsr, ht, mmx, 3dnowpref, sse, sse2, sse3, ssse3, sse4a, sse4.1, sse4.2, popcnt, lzcnt, tsc, tscinvbit, avx, avx2, aes, erms, clmul, bmi1, bmi2, adx, sha, fma, vzeroupper, clflush, clflushopt, rdtscp, rdpid, fsrm, f16c, pku, cet_ss
Processor Information for processor 0
  Max Mhz: 3201, Current Mhz: 2555, Mhz Limit: 3201
Processor Information for processor 1
  Max Mhz: 3201, Current Mhz: 2555, Mhz Limit: 3201
Processor Information for processor 2
  Max Mhz: 3201, Current Mhz: 2555, Mhz Limit: 3201
Processor Information for processor 3
  Max Mhz: 3201, Current Mhz: 2555, Mhz Limit: 3201
Processor Information for processor 4
  Max Mhz: 3201, Current Mhz: 2555, Mhz Limit: 3201
Processor Information for processor 5
  Max Mhz: 3201, Current Mhz: 2555, Mhz Limit: 3201
Processor Information for processor 6
  Max Mhz: 3201, Current Mhz: 2555, Mhz Limit: 3201
Processor Information for processor 7
  Max Mhz: 3201, Current Mhz: 3201, Mhz Limit: 3201
Processor Information for processor 8
  Max Mhz: 3201, Current Mhz: 2555, Mhz Limit: 3201
Processor Information for processor 9
  Max Mhz: 3201, Current Mhz: 2555, Mhz Limit: 3201
Processor Information for processor 10
  Max Mhz: 3201, Current Mhz: 2555, Mhz Limit: 3201
Processor Information for processor 11
  Max Mhz: 3201, Current Mhz: 2555, Mhz Limit: 3201
Processor Information for processor 12
  Max Mhz: 3201, Current Mhz: 2555, Mhz Limit: 3201
Processor Information for processor 13
  Max Mhz: 3201, Current Mhz: 2555, Mhz Limit: 3201
Processor Information for processor 14
  Max Mhz: 3201, Current Mhz: 2555, Mhz Limit: 3201
Processor Information for processor 15
  Max Mhz: 3201, Current Mhz: 3201, Mhz Limit: 3201

Memory: 4k page, system-wide physical 15713M (494M free)
TotalPageFile size 45329M (AvailPageFile size 0M)
current process WorkingSet (physical memory assigned to process): 181M, peak: 181M
current process commit charge ("private bytes"): 437M, peak: 438M

vm_info: Java HotSpot(TM) 64-Bit Server VM (21.0.1+12-LTS-29) for windows-amd64 JRE (21.0.1+12-LTS-29), built on 2023-10-05T13:27:09Z by "mach5one" with MS VC++ 17.1 (VS2022)

END.
